2023-06-24T13:46:50.489Z	[34mINFO[0m	Detected OS: debian
2023-06-24T13:46:50.489Z	[34mINFO[0m	Detecting Debian vulnerabilities...
2023-06-24T13:46:50.515Z	[34mINFO[0m	Number of PL dependency files: 0

postgres (debian 12.0)
======================
Total: 71 (MEDIUM: 43, HIGH: 28)

+-------------------+------------------+----------+-------------------+---------------+-----------------------------------------+
|      LIBRARY      | VULNERABILITY ID | SEVERITY | INSTALLED VERSION | FIXED VERSION |                  TITLE                  |
+-------------------+------------------+----------+-------------------+---------------+-----------------------------------------+
| bsdutils          | CVE-2022-0563    | MEDIUM   | 2.38.1-5          |               | util-linux: partial disclosure          |
|                   |                  |          |                   |               | of arbitrary files in chfn              |
|                   |                  |          |                   |               | and chsh when compiled...               |
|                   |                  |          |                   |               | -->avd.aquasec.com/nvd/cve-2022-0563    |
+-------------------+------------------+          +-------------------+---------------+-----------------------------------------+
| coreutils         | CVE-2016-2781    |          | 9.1-1             |               | coreutils: Non-privileged               |
|                   |                  |          |                   |               | session can escape to the               |
|                   |                  |          |                   |               | parent session in chroot                |
|                   |                  |          |                   |               | -->avd.aquasec.com/nvd/cve-2016-2781    |
+                   +------------------+          +                   +---------------+-----------------------------------------+
|                   | CVE-2017-18018   |          |                   |               | coreutils: race condition               |
|                   |                  |          |                   |               | vulnerability in chown and chgrp        |
|                   |                  |          |                   |               | -->avd.aquasec.com/nvd/cve-2017-18018   |
+-------------------+------------------+          +-------------------+---------------+-----------------------------------------+
| gcc-12-base       | CVE-2022-27943   |          | 12.2.0-14         |               | binutils: libiberty/rust-demangle.c     |
|                   |                  |          |                   |               | in GNU GCC 11.2 allows stack            |
|                   |                  |          |                   |               | exhaustion in demangle_const            |
|                   |                  |          |                   |               | -->avd.aquasec.com/nvd/cve-2022-27943   |
+-------------------+------------------+          +-------------------+---------------+-----------------------------------------+
| libblkid1         | CVE-2022-0563    |          | 2.38.1-5          |               | util-linux: partial disclosure          |
|                   |                  |          |                   |               | of arbitrary files in chfn              |
|                   |                  |          |                   |               | and chsh when compiled...               |
|                   |                  |          |                   |               | -->avd.aquasec.com/nvd/cve-2022-0563    |
+-------------------+------------------+----------+-------------------+---------------+-----------------------------------------+
| libc-bin          | CVE-2018-20796   | HIGH     | 2.36-9            |               | glibc: uncontrolled recursion in        |
|                   |                  |          |                   |               | function check_dst_limits_calc_pos_1    |
|                   |                  |          |                   |               | in posix/regexec.c                      |
|                   |                  |          |                   |               | -->avd.aquasec.com/nvd/cve-2018-20796   |
+                   +------------------+          +                   +---------------+-----------------------------------------+
|                   | CVE-2019-1010023 |          |                   |               | glibc: running ldd on malicious ELF     |
|                   |                  |          |                   |               | leads to code execution because of...   |
|                   |                  |          |                   |               | -->avd.aquasec.com/nvd/cve-2019-1010023 |
+                   +------------------+          +                   +---------------+-----------------------------------------+
|                   | CVE-2019-9192    |          |                   |               | glibc: uncontrolled recursion in        |
|                   |                  |          |                   |               | function check_dst_limits_calc_pos_1    |
|                   |                  |          |                   |               | in posix/regexec.c                      |
|                   |                  |          |                   |               | -->avd.aquasec.com/nvd/cve-2019-9192    |
+                   +------------------+----------+                   +---------------+-----------------------------------------+
|                   | CVE-2010-4756    | MEDIUM   |                   |               | glibc: glob implementation              |
|                   |                  |          |                   |               | can cause excessive CPU and             |
|                   |                  |          |                   |               | memory consumption due to...            |
|                   |                  |          |                   |               | -->avd.aquasec.com/nvd/cve-2010-4756    |
+                   +------------------+          +                   +---------------+-----------------------------------------+
|                   | CVE-2019-1010024 |          |                   |               | glibc: ASLR bypass using                |
|                   |                  |          |                   |               | cache of thread stack and heap          |
|                   |                  |          |                   |               | -->avd.aquasec.com/nvd/cve-2019-1010024 |
+                   +------------------+          +                   +---------------+-----------------------------------------+
|                   | CVE-2019-1010025 |          |                   |               | glibc: information disclosure of heap   |
|                   |                  |          |                   |               | addresses of pthread_created thread     |
|                   |                  |          |                   |               | -->avd.aquasec.com/nvd/cve-2019-1010025 |
+-------------------+------------------+----------+                   +---------------+-----------------------------------------+
| libc-l10n         | CVE-2018-20796   | HIGH     |                   |               | glibc: uncontrolled recursion in        |
|                   |                  |          |                   |               | function check_dst_limits_calc_pos_1    |
|                   |                  |          |                   |               | in posix/regexec.c                      |
|                   |                  |          |                   |               | -->avd.aquasec.com/nvd/cve-2018-20796   |
+                   +------------------+          +                   +---------------+-----------------------------------------+
|                   | CVE-2019-1010023 |          |                   |               | glibc: running ldd on malicious ELF     |
|                   |                  |          |                   |               | leads to code execution because of...   |
|                   |                  |          |                   |               | -->avd.aquasec.com/nvd/cve-2019-1010023 |
+                   +------------------+          +                   +---------------+-----------------------------------------+
|                   | CVE-2019-9192    |          |                   |               | glibc: uncontrolled recursion in        |
|                   |                  |          |                   |               | function check_dst_limits_calc_pos_1    |
|                   |                  |          |                   |               | in posix/regexec.c                      |
|                   |                  |          |                   |               | -->avd.aquasec.com/nvd/cve-2019-9192    |
+                   +------------------+----------+                   +---------------+-----------------------------------------+
|                   | CVE-2010-4756    | MEDIUM   |                   |               | glibc: glob implementation              |
|                   |                  |          |                   |               | can cause excessive CPU and             |
|                   |                  |          |                   |               | memory consumption due to...            |
|                   |                  |          |                   |               | -->avd.aquasec.com/nvd/cve-2010-4756    |
+                   +------------------+          +                   +---------------+-----------------------------------------+
|                   | CVE-2019-1010024 |          |                   |               | glibc: ASLR bypass using                |
|                   |                  |          |                   |               | cache of thread stack and heap          |
|                   |                  |          |                   |               | -->avd.aquasec.com/nvd/cve-2019-1010024 |
+                   +------------------+          +                   +---------------+-----------------------------------------+
|                   | CVE-2019-1010025 |          |                   |               | glibc: information disclosure of heap   |
|                   |                  |          |                   |               | addresses of pthread_created thread     |
|                   |                  |          |                   |               | -->avd.aquasec.com/nvd/cve-2019-1010025 |
+-------------------+------------------+----------+                   +---------------+-----------------------------------------+
| libc6             | CVE-2018-20796   | HIGH     |                   |               | glibc: uncontrolled recursion in        |
|                   |                  |          |                   |               | function check_dst_limits_calc_pos_1    |
|                   |                  |          |                   |               | in posix/regexec.c                      |
|                   |                  |          |                   |               | -->avd.aquasec.com/nvd/cve-2018-20796   |
+                   +------------------+          +                   +---------------+-----------------------------------------+
|                   | CVE-2019-1010023 |          |                   |               | glibc: running ldd on malicious ELF     |
|                   |                  |          |                   |               | leads to code execution because of...   |
|                   |                  |          |                   |               | -->avd.aquasec.com/nvd/cve-2019-1010023 |
+                   +------------------+          +                   +---------------+-----------------------------------------+
|                   | CVE-2019-9192    |          |                   |               | glibc: uncontrolled recursion in        |
|                   |                  |          |                   |               | function check_dst_limits_calc_pos_1    |
|                   |                  |          |                   |               | in posix/regexec.c                      |
|                   |                  |          |                   |               | -->avd.aquasec.com/nvd/cve-2019-9192    |
+                   +------------------+----------+                   +---------------+-----------------------------------------+
|                   | CVE-2010-4756    | MEDIUM   |                   |               | glibc: glob implementation              |
|                   |                  |          |                   |               | can cause excessive CPU and             |
|                   |                  |          |                   |               | memory consumption due to...            |
|                   |                  |          |                   |               | -->avd.aquasec.com/nvd/cve-2010-4756    |
+                   +------------------+          +                   +---------------+-----------------------------------------+
|                   | CVE-2019-1010024 |          |                   |               | glibc: ASLR bypass using                |
|                   |                  |          |                   |               | cache of thread stack and heap          |
|                   |                  |          |                   |               | -->avd.aquasec.com/nvd/cve-2019-1010024 |
+                   +------------------+          +                   +---------------+-----------------------------------------+
|                   | CVE-2019-1010025 |          |                   |               | glibc: information disclosure of heap   |
|                   |                  |          |                   |               | addresses of pthread_created thread     |
|                   |                  |          |                   |               | -->avd.aquasec.com/nvd/cve-2019-1010025 |
+-------------------+------------------+          +-------------------+---------------+-----------------------------------------+
| libgcc-s1         | CVE-2022-27943   |          | 12.2.0-14         |               | binutils: libiberty/rust-demangle.c     |
|                   |                  |          |                   |               | in GNU GCC 11.2 allows stack            |
|                   |                  |          |                   |               | exhaustion in demangle_const            |
|                   |                  |          |                   |               | -->avd.aquasec.com/nvd/cve-2022-27943   |
+-------------------+------------------+----------+-------------------+---------------+-----------------------------------------+
| libgcrypt20       | CVE-2018-6829    | HIGH     | 1.10.1-3          |               | libgcrypt: ElGamal implementation       |
|                   |                  |          |                   |               | doesn't have semantic security due      |
|                   |                  |          |                   |               | to incorrectly encoded plaintexts...    |
|                   |                  |          |                   |               | -->avd.aquasec.com/nvd/cve-2018-6829    |
+-------------------+------------------+----------+-------------------+---------------+-----------------------------------------+
| libgnutls30       | CVE-2011-3389    | MEDIUM   | 3.7.9-2           |               | HTTPS: block-wise chosen-plaintext      |
|                   |                  |          |                   |               | attack against SSL/TLS (BEAST)          |
|                   |                  |          |                   |               | -->avd.aquasec.com/nvd/cve-2011-3389    |
+-------------------+------------------+----------+-------------------+---------------+-----------------------------------------+
| libgssapi-krb5-2  | CVE-2018-5709    | HIGH     | 1.20.1-2          |               | krb5: integer overflow                  |
|                   |                  |          |                   |               | in dbentry->n_key_data                  |
|                   |                  |          |                   |               | in kadmin/dbutil/dump.c                 |
|                   |                  |          |                   |               | -->avd.aquasec.com/nvd/cve-2018-5709    |
+-------------------+                  +          +                   +---------------+                                         +
| libk5crypto3      |                  |          |                   |               |                                         |
|                   |                  |          |                   |               |                                         |
|                   |                  |          |                   |               |                                         |
|                   |                  |          |                   |               |                                         |
+-------------------+                  +          +                   +---------------+                                         +
| libkrb5-3         |                  |          |                   |               |                                         |
|                   |                  |          |                   |               |                                         |
|                   |                  |          |                   |               |                                         |
|                   |                  |          |                   |               |                                         |
+-------------------+                  +          +                   +---------------+                                         +
| libkrb5support0   |                  |          |                   |               |                                         |
|                   |                  |          |                   |               |                                         |
|                   |                  |          |                   |               |                                         |
|                   |                  |          |                   |               |                                         |
+-------------------+------------------+          +-------------------+---------------+-----------------------------------------+
| libldap-2.5-0     | CVE-2017-17740   |          | 2.5.13+dfsg-5     |               | openldap:                               |
|                   |                  |          |                   |               | contrib/slapd-modules/nops/nops.c       |
|                   |                  |          |                   |               | attempts to free stack buffer           |
|                   |                  |          |                   |               | allowing remote attackers to cause...   |
|                   |                  |          |                   |               | -->avd.aquasec.com/nvd/cve-2017-17740   |
+                   +------------------+----------+                   +---------------+-----------------------------------------+
|                   | CVE-2015-3276    | MEDIUM   |                   |               | openldap: incorrect multi-keyword       |
|                   |                  |          |                   |               | mode cipherstring parsing               |
|                   |                  |          |                   |               | -->avd.aquasec.com/nvd/cve-2015-3276    |
+                   +------------------+          +                   +---------------+-----------------------------------------+
|                   | CVE-2017-14159   |          |                   |               | openldap: Privilege escalation          |
|                   |                  |          |                   |               | via PID file manipulation               |
|                   |                  |          |                   |               | -->avd.aquasec.com/nvd/cve-2017-14159   |
+                   +------------------+          +                   +---------------+-----------------------------------------+
|                   | CVE-2020-15719   |          |                   |               | openldap: Certificate                   |
|                   |                  |          |                   |               | validation incorrectly                  |
|                   |                  |          |                   |               | matches name against CN-ID              |
|                   |                  |          |                   |               | -->avd.aquasec.com/nvd/cve-2020-15719   |
+-------------------+------------------+          +-------------------+---------------+-----------------------------------------+
| libmount1         | CVE-2022-0563    |          | 2.38.1-5          |               | util-linux: partial disclosure          |
|                   |                  |          |                   |               | of arbitrary files in chfn              |
|                   |                  |          |                   |               | and chsh when compiled...               |
|                   |                  |          |                   |               | -->avd.aquasec.com/nvd/cve-2022-0563    |
+-------------------+------------------+----------+-------------------+---------------+-----------------------------------------+
| libperl5.36       | CVE-2011-4116    | HIGH     | 5.36.0-7          |               | perl: File::Temp insecure               |
|                   |                  |          |                   |               | temporary file handling                 |
|                   |                  |          |                   |               | -->avd.aquasec.com/nvd/cve-2011-4116    |
+-------------------+------------------+----------+-------------------+---------------+-----------------------------------------+
| libsmartcols1     | CVE-2022-0563    | MEDIUM   | 2.38.1-5          |               | util-linux: partial disclosure          |
|                   |                  |          |                   |               | of arbitrary files in chfn              |
|                   |                  |          |                   |               | and chsh when compiled...               |
|                   |                  |          |                   |               | -->avd.aquasec.com/nvd/cve-2022-0563    |
+-------------------+------------------+          +-------------------+---------------+-----------------------------------------+
| libsqlite3-0      | CVE-2021-45346   |          | 3.40.1-2          |               | sqlite: crafted SQL query               |
|                   |                  |          |                   |               | allows a malicious user to              |
|                   |                  |          |                   |               | obtain sensitive information...         |
|                   |                  |          |                   |               | -->avd.aquasec.com/nvd/cve-2021-45346   |
+-------------------+------------------+----------+-------------------+---------------+-----------------------------------------+
| libssl3           | CVE-2023-0286    | HIGH     | 3.0.9-1           |               | X.400 address type confusion            |
|                   |                  |          |                   |               | in X.509 GeneralName                    |
|                   |                  |          |                   |               | -->avd.aquasec.com/nvd/cve-2023-0286    |
+                   +------------------+----------+                   +---------------+-----------------------------------------+
|                   | CVE-2007-6755    | MEDIUM   |                   |               | Dual_EC_DRBG: weak pseudo               |
|                   |                  |          |                   |               | random number generator                 |
|                   |                  |          |                   |               | -->avd.aquasec.com/nvd/cve-2007-6755    |
+                   +------------------+          +                   +---------------+-----------------------------------------+
|                   | CVE-2010-0928    |          |                   |               | openssl: RSA authentication weakness    |
|                   |                  |          |                   |               | -->avd.aquasec.com/nvd/cve-2010-0928    |
+                   +------------------+          +                   +---------------+-----------------------------------------+
|                   | CVE-2022-4304    |          |                   |               | Timing Oracle in RSA Decryption         |
|                   |                  |          |                   |               | -->avd.aquasec.com/nvd/cve-2022-4304    |
+                   +------------------+          +                   +---------------+-----------------------------------------+
|                   | CVE-2022-4450    |          |                   |               | Double free after                       |
|                   |                  |          |                   |               | calling PEM_read_bio_ex                 |
|                   |                  |          |                   |               | -->avd.aquasec.com/nvd/cve-2022-4450    |
+                   +------------------+          +                   +---------------+-----------------------------------------+
|                   | CVE-2023-0215    |          |                   |               | Use-after-free                          |
|                   |                  |          |                   |               | following BIO_new_NDEF                  |
|                   |                  |          |                   |               | -->avd.aquasec.com/nvd/cve-2023-0215    |
+-------------------+------------------+          +-------------------+---------------+-----------------------------------------+
| libstdc++6        | CVE-2022-27943   |          | 12.2.0-14         |               | binutils: libiberty/rust-demangle.c     |
|                   |                  |          |                   |               | in GNU GCC 11.2 allows stack            |
|                   |                  |          |                   |               | exhaustion in demangle_const            |
|                   |                  |          |                   |               | -->avd.aquasec.com/nvd/cve-2022-27943   |
+-------------------+------------------+          +-------------------+---------------+-----------------------------------------+
| libuuid1          | CVE-2022-0563    |          | 2.38.1-5          |               | util-linux: partial disclosure          |
|                   |                  |          |                   |               | of arbitrary files in chfn              |
|                   |                  |          |                   |               | and chsh when compiled...               |
|                   |                  |          |                   |               | -->avd.aquasec.com/nvd/cve-2022-0563    |
+-------------------+------------------+          +-------------------+---------------+-----------------------------------------+
| libxslt1.1        | CVE-2015-9019    |          | 1.1.35-1          |               | libxslt: math.random() in               |
|                   |                  |          |                   |               | xslt uses unseeded randomness           |
|                   |                  |          |                   |               | -->avd.aquasec.com/nvd/cve-2015-9019    |
+-------------------+------------------+----------+-------------------+---------------+-----------------------------------------+
| locales           | CVE-2018-20796   | HIGH     | 2.36-9            |               | glibc: uncontrolled recursion in        |
|                   |                  |          |                   |               | function check_dst_limits_calc_pos_1    |
|                   |                  |          |                   |               | in posix/regexec.c                      |
|                   |                  |          |                   |               | -->avd.aquasec.com/nvd/cve-2018-20796   |
+                   +------------------+          +                   +---------------+-----------------------------------------+
|                   | CVE-2019-1010023 |          |                   |               | glibc: running ldd on malicious ELF     |
|                   |                  |          |                   |               | leads to code execution because of...   |
|                   |                  |          |                   |               | -->avd.aquasec.com/nvd/cve-2019-1010023 |
+                   +------------------+          +                   +---------------+-----------------------------------------+
|                   | CVE-2019-9192    |          |                   |               | glibc: uncontrolled recursion in        |
|                   |                  |          |                   |               | function check_dst_limits_calc_pos_1    |
|                   |                  |          |                   |               | in posix/regexec.c                      |
|                   |                  |          |                   |               | -->avd.aquasec.com/nvd/cve-2019-9192    |
+                   +------------------+----------+                   +---------------+-----------------------------------------+
|                   | CVE-2010-4756    | MEDIUM   |                   |               | glibc: glob implementation              |
|                   |                  |          |                   |               | can cause excessive CPU and             |
|                   |                  |          |                   |               | memory consumption due to...            |
|                   |                  |          |                   |               | -->avd.aquasec.com/nvd/cve-2010-4756    |
+                   +------------------+          +                   +---------------+-----------------------------------------+
|                   | CVE-2019-1010024 |          |                   |               | glibc: ASLR bypass using                |
|                   |                  |          |                   |               | cache of thread stack and heap          |
|                   |                  |          |                   |               | -->avd.aquasec.com/nvd/cve-2019-1010024 |
+                   +------------------+          +                   +---------------+-----------------------------------------+
|                   | CVE-2019-1010025 |          |                   |               | glibc: information disclosure of heap   |
|                   |                  |          |                   |               | addresses of pthread_created thread     |
|                   |                  |          |                   |               | -->avd.aquasec.com/nvd/cve-2019-1010025 |
+-------------------+------------------+----------+-------------------+---------------+-----------------------------------------+
| login             | CVE-2019-19882   | HIGH     | 1:4.13+dfsg1-1    |               | shadow-utils: local users can           |
|                   |                  |          |                   |               | obtain root access because setuid       |
|                   |                  |          |                   |               | programs are misconfigured...           |
|                   |                  |          |                   |               | -->avd.aquasec.com/nvd/cve-2019-19882   |
+                   +------------------+----------+                   +---------------+-----------------------------------------+
|                   | CVE-2007-5686    | MEDIUM   |                   |               | initscripts in rPath Linux 1            |
|                   |                  |          |                   |               | sets insecure permissions for           |
|                   |                  |          |                   |               | the /var/log/btmp file,...              |
|                   |                  |          |                   |               | -->avd.aquasec.com/nvd/cve-2007-5686    |
+-------------------+------------------+          +-------------------+---------------+-----------------------------------------+
| mount             | CVE-2022-0563    |          | 2.38.1-5          |               | util-linux: partial disclosure          |
|                   |                  |          |                   |               | of arbitrary files in chfn              |
|                   |                  |          |                   |               | and chsh when compiled...               |
|                   |                  |          |                   |               | -->avd.aquasec.com/nvd/cve-2022-0563    |
+-------------------+------------------+----------+-------------------+---------------+-----------------------------------------+
| openssl           | CVE-2023-0286    | HIGH     | 3.0.9-1           |               | X.400 address type confusion            |
|                   |                  |          |                   |               | in X.509 GeneralName                    |
|                   |                  |          |                   |               | -->avd.aquasec.com/nvd/cve-2023-0286    |
+                   +------------------+----------+                   +---------------+-----------------------------------------+
|                   | CVE-2007-6755    | MEDIUM   |                   |               | Dual_EC_DRBG: weak pseudo               |
|                   |                  |          |                   |               | random number generator                 |
|                   |                  |          |                   |               | -->avd.aquasec.com/nvd/cve-2007-6755    |
+                   +------------------+          +                   +---------------+-----------------------------------------+
|                   | CVE-2010-0928    |          |                   |               | openssl: RSA authentication weakness    |
|                   |                  |          |                   |               | -->avd.aquasec.com/nvd/cve-2010-0928    |
+                   +------------------+          +                   +---------------+-----------------------------------------+
|                   | CVE-2022-4304    |          |                   |               | Timing Oracle in RSA Decryption         |
|                   |                  |          |                   |               | -->avd.aquasec.com/nvd/cve-2022-4304    |
+                   +------------------+          +                   +---------------+-----------------------------------------+
|                   | CVE-2022-4450    |          |                   |               | Double free after                       |
|                   |                  |          |                   |               | calling PEM_read_bio_ex                 |
|                   |                  |          |                   |               | -->avd.aquasec.com/nvd/cve-2022-4450    |
+                   +------------------+          +                   +---------------+-----------------------------------------+
|                   | CVE-2023-0215    |          |                   |               | Use-after-free                          |
|                   |                  |          |                   |               | following BIO_new_NDEF                  |
|                   |                  |          |                   |               | -->avd.aquasec.com/nvd/cve-2023-0215    |
+-------------------+------------------+----------+-------------------+---------------+-----------------------------------------+
| passwd            | CVE-2019-19882   | HIGH     | 1:4.13+dfsg1-1    |               | shadow-utils: local users can           |
|                   |                  |          |                   |               | obtain root access because setuid       |
|                   |                  |          |                   |               | programs are misconfigured...           |
|                   |                  |          |                   |               | -->avd.aquasec.com/nvd/cve-2019-19882   |
+                   +------------------+----------+                   +---------------+-----------------------------------------+
|                   | CVE-2007-5686    | MEDIUM   |                   |               | initscripts in rPath Linux 1            |
|                   |                  |          |                   |               | sets insecure permissions for           |
|                   |                  |          |                   |               | the /var/log/btmp file,...              |
|                   |                  |          |                   |               | -->avd.aquasec.com/nvd/cve-2007-5686    |
+-------------------+------------------+----------+-------------------+---------------+-----------------------------------------+
| perl              | CVE-2011-4116    | HIGH     | 5.36.0-7          |               | perl: File::Temp insecure               |
|                   |                  |          |                   |               | temporary file handling                 |
|                   |                  |          |                   |               | -->avd.aquasec.com/nvd/cve-2011-4116    |
+-------------------+                  +          +                   +---------------+                                         +
| perl-base         |                  |          |                   |               |                                         |
|                   |                  |          |                   |               |                                         |
|                   |                  |          |                   |               |                                         |
+-------------------+                  +          +                   +---------------+                                         +
| perl-modules-5.36 |                  |          |                   |               |                                         |
|                   |                  |          |                   |               |                                         |
|                   |                  |          |                   |               |                                         |
+-------------------+------------------+          +-------------------+---------------+-----------------------------------------+
| tar               | CVE-2005-2541    |          | 1.34+dfsg-1.2     |               | tar: does not properly warn the user    |
|                   |                  |          |                   |               | when extracting setuid or setgid...     |
|                   |                  |          |                   |               | -->avd.aquasec.com/nvd/cve-2005-2541    |
+                   +------------------+          +                   +---------------+-----------------------------------------+
|                   | CVE-2022-48303   |          |                   |               | tar: a heap buffer overflow             |
|                   |                  |          |                   |               | at from_header() in list.c              |
|                   |                  |          |                   |               | via specially crafter...                |
|                   |                  |          |                   |               | -->avd.aquasec.com/nvd/cve-2022-48303   |
+-------------------+------------------+----------+-------------------+---------------+-----------------------------------------+
| util-linux        | CVE-2022-0563    | MEDIUM   | 2.38.1-5          |               | util-linux: partial disclosure          |
|                   |                  |          |                   |               | of arbitrary files in chfn              |
|                   |                  |          |                   |               | and chsh when compiled...               |
|                   |                  |          |                   |               | -->avd.aquasec.com/nvd/cve-2022-0563    |
+-------------------+                  +          +                   +---------------+                                         +
| util-linux-extra  |                  |          |                   |               |                                         |
|                   |                  |          |                   |               |                                         |
|                   |                  |          |                   |               |                                         |
|                   |                  |          |                   |               |                                         |
+-------------------+------------------+----------+-------------------+---------------+-----------------------------------------+
